/home/pbdang/miniconda3/envs/openset/lib/python3.9/site-packages/torch/utils/data/dataloader.py:474: UserWarning: This DataLoader will create 4 worker processes in total. Our suggested max number of worker in current system is 1, which is smaller than what this DataLoader is going to create. Please be aware that excessive worker creation might get DataLoader running slow or even freeze, lower the worker number to avoid potential slowness/freeze if necessary.
  warnings.warn(_create_warning_msg(
random seed: 538604.8038916588
Loader Initializing...

train samples: 2254
val samples: 568
Create new model
Feat_len =  2048
0
Epoch 0, Training...
	[0/563], Loss 2.1570
	[1/563], Loss 1.2572
	[2/563], Loss 2.0323
	[3/563], Loss 2.8640
	[4/563], Loss 2.7487
	[5/563], Loss 2.3836
	[6/563], Loss 2.0147
	[7/563], Loss 3.9313
	[8/563], Loss 2.1372
	[9/563], Loss 2.3250
	[10/563], Loss 2.7683
	[11/563], Loss 2.7621
	[12/563], Loss 1.7032
	[13/563], Loss 1.8191
	[14/563], Loss 1.4403
	[15/563], Loss 1.0915
	[16/563], Loss 1.0959
	[17/563], Loss 1.2553
	[18/563], Loss 2.3050
	[19/563], Loss 1.2325
	[20/563], Loss 1.6282
	[21/563], Loss 1.2929
	[22/563], Loss 1.4723
	[23/563], Loss 0.9996
	[24/563], Loss 2.9273
	[25/563], Loss 3.1914
	[26/563], Loss 0.8876
	[27/563], Loss 0.9405
	[28/563], Loss 1.7469
	[29/563], Loss 2.2099
	[30/563], Loss 2.4005
	[31/563], Loss 2.0147
	[32/563], Loss 1.3536
	[33/563], Loss 0.7020
	[34/563], Loss 2.6237
	[35/563], Loss 1.4631
	[36/563], Loss 0.9973
	[37/563], Loss 0.1778
	[38/563], Loss 1.3746
	[39/563], Loss 0.1319
	[40/563], Loss 1.3749
	[41/563], Loss 1.6606
	[42/563], Loss 1.5201
	[43/563], Loss 0.6171
	[44/563], Loss 1.3188
	[45/563], Loss 1.4562
	[46/563], Loss 3.8827
	[47/563], Loss 2.3168
	[48/563], Loss 1.7234
	[49/563], Loss 0.6096
	[50/563], Loss 0.3480
	[51/563], Loss 1.1062
	[52/563], Loss 1.2504
	[53/563], Loss 1.8183
	[54/563], Loss 1.1905
	[55/563], Loss 1.1410
	[56/563], Loss 0.9381
	[57/563], Loss 0.9482
	[58/563], Loss 0.5764
	[59/563], Loss 1.2895
	[60/563], Loss 0.3811
	[61/563], Loss 3.4411
	[62/563], Loss 0.4656
	[63/563], Loss 0.8507
	[64/563], Loss 0.4889
	[65/563], Loss 1.1884
	[66/563], Loss 0.4539
	[67/563], Loss 0.6468
	[68/563], Loss 0.7084
	[69/563], Loss 0.3264
	[70/563], Loss 1.6997
	[71/563], Loss 0.3596
	[72/563], Loss 0.1948
	[73/563], Loss 1.8978
	[74/563], Loss 0.6554
	[75/563], Loss 0.2994
	[76/563], Loss 0.7865
	[77/563], Loss 0.6287
	[78/563], Loss 0.5724
	[79/563], Loss 0.5682
	[80/563], Loss 0.2480
	[81/563], Loss 2.8603
	[82/563], Loss 0.1664
	[83/563], Loss 0.0729
	[84/563], Loss 0.6308
	[85/563], Loss 1.4017
	[86/563], Loss 0.0927
	[87/563], Loss 0.2542
	[88/563], Loss 0.5056
	[89/563], Loss 0.8835
	[90/563], Loss 0.2534
	[91/563], Loss 1.3936
	[92/563], Loss 0.4832
	[93/563], Loss 0.5888
	[94/563], Loss 0.4375
	[95/563], Loss 0.5469
	[96/563], Loss 0.3733
	[97/563], Loss 0.7680
	[98/563], Loss 0.8373
	[99/563], Loss 0.4699
	[100/563], Loss 0.0154
	[101/563], Loss 1.4658
	[102/563], Loss 1.1356
	[103/563], Loss 1.1416
	[104/563], Loss 0.2240
	[105/563], Loss 0.1919
	[106/563], Loss 1.0705
	[107/563], Loss 0.0502
	[108/563], Loss 0.5965
	[109/563], Loss 0.1398
	[110/563], Loss 0.4189
	[111/563], Loss 0.4223
	[112/563], Loss 1.5900
	[113/563], Loss 0.1853
	[114/563], Loss 0.0811
	[115/563], Loss 0.2608
	[116/563], Loss 0.9420
	[117/563], Loss 0.8022
	[118/563], Loss 0.4579
	[119/563], Loss 0.4345
	[120/563], Loss 0.0867
	[121/563], Loss 0.6858
	[122/563], Loss 0.7938
	[123/563], Loss 0.5456
	[124/563], Loss 0.3037
	[125/563], Loss 0.9345
	[126/563], Loss 0.0838
	[127/563], Loss 0.2318
	[128/563], Loss 1.2250
	[129/563], Loss 0.2893
	[130/563], Loss 0.4902
	[131/563], Loss 0.7359
	[132/563], Loss 0.4546
	[133/563], Loss 0.3429
	[134/563], Loss 0.5613
	[135/563], Loss 0.0516
	[136/563], Loss 0.5823
	[137/563], Loss 2.1866
	[138/563], Loss 0.2236
	[139/563], Loss 0.0289
	[140/563], Loss 0.1195
	[141/563], Loss 0.0773
	[142/563], Loss 0.0811
	[143/563], Loss 1.6429
	[144/563], Loss 0.3389
	[145/563], Loss 0.0441
	[146/563], Loss 0.2777
	[147/563], Loss 0.1614
	[148/563], Loss 0.0170
	[149/563], Loss 0.3274
	[150/563], Loss 0.3606
	[151/563], Loss 0.0379
	[152/563], Loss 0.3748
	[153/563], Loss 0.0723
	[154/563], Loss 0.0726
	[155/563], Loss 0.2683
	[156/563], Loss 0.0297
	[157/563], Loss 0.8938
	[158/563], Loss 0.3901
	[159/563], Loss 1.7897
	[160/563], Loss 0.0526
	[161/563], Loss 0.0060
	[162/563], Loss 0.0380
	[163/563], Loss 0.0287
	[164/563], Loss 0.0291
	[165/563], Loss 0.0847
	[166/563], Loss 0.5333
	[167/563], Loss 2.5751
	[168/563], Loss 0.0161
	[169/563], Loss 0.9999
	[170/563], Loss 0.2106
	[171/563], Loss 0.7881
	[172/563], Loss 0.3013
	[173/563], Loss 0.3936
	[174/563], Loss 0.1005
	[175/563], Loss 0.0169
	[176/563], Loss 0.0750
	[177/563], Loss 0.0720
	[178/563], Loss 0.0462
	[179/563], Loss 0.7574
	[180/563], Loss 0.1693
	[181/563], Loss 0.1191
	[182/563], Loss 0.6737
	[183/563], Loss 0.1863
	[184/563], Loss 0.0411
	[185/563], Loss 0.1625
	[186/563], Loss 0.0174
	[187/563], Loss 0.7839
	[188/563], Loss 0.0950
	[189/563], Loss 0.2360
	[190/563], Loss 0.0535
	[191/563], Loss 0.3028
	[192/563], Loss 0.1873
	[193/563], Loss 0.0377
	[194/563], Loss 0.9658
	[195/563], Loss 0.0087
	[196/563], Loss 0.3790
	[197/563], Loss 1.3242
	[198/563], Loss 0.6528
	[199/563], Loss 0.0040
	[200/563], Loss 0.0646
	[201/563], Loss 0.0077
	[202/563], Loss 0.1806
	[203/563], Loss 0.0494
	[204/563], Loss 0.0939
	[205/563], Loss 0.5393
	[206/563], Loss 0.0733
	[207/563], Loss 0.0494
	[208/563], Loss 0.2332
	[209/563], Loss 0.8795
	[210/563], Loss 0.0634
	[211/563], Loss 0.0760
	[212/563], Loss 0.0065
	[213/563], Loss 0.0392
	[214/563], Loss 0.0019
	[215/563], Loss 0.0776
	[216/563], Loss 0.2765
	[217/563], Loss 0.0014
	[218/563], Loss 0.0016
	[219/563], Loss 0.0023
	[220/563], Loss 0.0465
	[221/563], Loss 0.0344
	[222/563], Loss 0.0031
	[223/563], Loss 0.2944
	[224/563], Loss 0.2474
	[225/563], Loss 1.6526
	[226/563], Loss 0.0151
	[227/563], Loss 0.0642
	[228/563], Loss 0.5063
	[229/563], Loss 0.6099
	[230/563], Loss 0.0039
	[231/563], Loss 0.1078
	[232/563], Loss 0.0227
	[233/563], Loss 1.0288
	[234/563], Loss 0.6339
	[235/563], Loss 1.1434
	[236/563], Loss 0.1991
	[237/563], Loss 1.3188
	[238/563], Loss 0.1471
	[239/563], Loss 0.1069
	[240/563], Loss 0.0415
	[241/563], Loss 0.1702
	[242/563], Loss 0.0562
	[243/563], Loss 0.0510
	[244/563], Loss 0.1314
	[245/563], Loss 0.4674
	[246/563], Loss 0.0088
	[247/563], Loss 0.0206
	[248/563], Loss 0.0470
	[249/563], Loss 0.1572
	[250/563], Loss 0.0494
	[251/563], Loss 0.5922
	[252/563], Loss 0.0668
	[253/563], Loss 0.6084
	[254/563], Loss 0.0382
	[255/563], Loss 0.1233
	[256/563], Loss 0.0540
	[257/563], Loss 0.0712
	[258/563], Loss 0.2481
	[259/563], Loss 0.0105
	[260/563], Loss 0.0260
	[261/563], Loss 0.0311
	[262/563], Loss 0.0267
	[263/563], Loss 0.3452
	[264/563], Loss 0.0584
	[265/563], Loss 0.0089
	[266/563], Loss 0.0818
	[267/563], Loss 0.0307
	[268/563], Loss 0.6793
	[269/563], Loss 0.0120
	[270/563], Loss 0.1998
	[271/563], Loss 0.8239
	[272/563], Loss 0.2002
	[273/563], Loss 0.0051
	[274/563], Loss 0.0037
	[275/563], Loss 2.2699
	[276/563], Loss 0.0193
	[277/563], Loss 0.0093
	[278/563], Loss 0.3602
	[279/563], Loss 0.9075
	[280/563], Loss 0.1398
	[281/563], Loss 0.3766
	[282/563], Loss 0.1533
	[283/563], Loss 0.3979
	[284/563], Loss 0.0015
	[285/563], Loss 0.1426
	[286/563], Loss 2.6828
	[287/563], Loss 1.5771
	[288/563], Loss 0.1958
	[289/563], Loss 0.0316
	[290/563], Loss 0.1702
	[291/563], Loss 0.3191
	[292/563], Loss 0.0092
	[293/563], Loss 1.0398
	[294/563], Loss 0.4821
	[295/563], Loss 0.1061
	[296/563], Loss 0.9081
	[297/563], Loss 0.0049
	[298/563], Loss 0.0121
	[299/563], Loss 0.0211
	[300/563], Loss 0.0215
	[301/563], Loss 0.1079
	[302/563], Loss 0.6522
	[303/563], Loss 0.0166
	[304/563], Loss 0.0102
	[305/563], Loss 0.0921
	[306/563], Loss 0.5627
	[307/563], Loss 0.5570
	[308/563], Loss 1.6313
	[309/563], Loss 1.4670
	[310/563], Loss 0.2987
	[311/563], Loss 0.0644
	[312/563], Loss 1.1139
	[313/563], Loss 0.0108
	[314/563], Loss 0.7899
	[315/563], Loss 0.6141
	[316/563], Loss 0.0005
	[317/563], Loss 0.0001
	[318/563], Loss 0.0766
	[319/563], Loss 0.0006
	[320/563], Loss 0.0060
	[321/563], Loss 0.0033
	[322/563], Loss 0.7256
	[323/563], Loss 0.0014
	[324/563], Loss 0.4515
	[325/563], Loss 0.1412
	[326/563], Loss 0.0349
	[327/563], Loss 0.0275
	[328/563], Loss 0.0369
	[329/563], Loss 0.0821
	[330/563], Loss 0.0372
	[331/563], Loss 0.1837
	[332/563], Loss 0.7737
	[333/563], Loss 0.2299
	[334/563], Loss 0.0101
	[335/563], Loss 1.4044
	[336/563], Loss 0.6065
	[337/563], Loss 0.0027
	[338/563], Loss 0.0177
	[339/563], Loss 0.6721
	[340/563], Loss 0.0753
	[341/563], Loss 0.0938
	[342/563], Loss 0.8194
	[343/563], Loss 0.0030
	[344/563], Loss 0.4368
	[345/563], Loss 0.2892
	[346/563], Loss 1.2266
	[347/563], Loss 0.3562
	[348/563], Loss 0.1112
	[349/563], Loss 0.0379
	[350/563], Loss 0.4778
	[351/563], Loss 0.0018
	[352/563], Loss 0.3327
	[353/563], Loss 0.0158
	[354/563], Loss 0.7317
	[355/563], Loss 0.0254
	[356/563], Loss 0.1023
	[357/563], Loss 0.0012
	[358/563], Loss 0.0064
	[359/563], Loss 0.2953
	[360/563], Loss 0.0314
	[361/563], Loss 0.1641
	[362/563], Loss 0.2438
	[363/563], Loss 0.0196
	[364/563], Loss 2.6823
	[365/563], Loss 0.0140
	[366/563], Loss 0.0255
	[367/563], Loss 0.0100
	[368/563], Loss 0.6311
	[369/563], Loss 0.2311
	[370/563], Loss 1.0426
	[371/563], Loss 0.0487
	[372/563], Loss 0.6712
	[373/563], Loss 0.0030
	[374/563], Loss 0.1064
	[375/563], Loss 0.0278
	[376/563], Loss 0.0864
	[377/563], Loss 0.5312
	[378/563], Loss 1.4755
	[379/563], Loss 0.0020
	[380/563], Loss 0.0038
	[381/563], Loss 0.0115
	[382/563], Loss 0.7366
	[383/563], Loss 0.0051
	[384/563], Loss 0.0275
	[385/563], Loss 0.0570
	[386/563], Loss 0.0515
	[387/563], Loss 0.1097
	[388/563], Loss 1.9304
	[389/563], Loss 0.2981
	[390/563], Loss 0.0237
	[391/563], Loss 0.5905
	[392/563], Loss 0.0041
	[393/563], Loss 0.0479
	[394/563], Loss 0.4182
	[395/563], Loss 0.9115
	[396/563], Loss 0.0403
	[397/563], Loss 0.3660
	[398/563], Loss 0.4811
	[399/563], Loss 0.1121
	[400/563], Loss 0.0018
	[401/563], Loss 0.0308
	[402/563], Loss 0.0484
	[403/563], Loss 0.2093
	[404/563], Loss 0.8066
	[405/563], Loss 0.3327
	[406/563], Loss 0.0335
	[407/563], Loss 0.0155
	[408/563], Loss 0.6082
	[409/563], Loss 0.0452
	[410/563], Loss 0.9305
	[411/563], Loss 0.2543
	[412/563], Loss 0.5758
	[413/563], Loss 0.0562
	[414/563], Loss 0.5890
	[415/563], Loss 0.0428
	[416/563], Loss 0.0550
	[417/563], Loss 0.0692
	[418/563], Loss 0.0264
	[419/563], Loss 1.2950
	[420/563], Loss 0.0158
	[421/563], Loss 0.0245
	[422/563], Loss 0.1567
	[423/563], Loss 0.0537
	[424/563], Loss 0.0106
	[425/563], Loss 0.0754
	[426/563], Loss 0.0418
	[427/563], Loss 0.0856
	[428/563], Loss 0.0146
	[429/563], Loss 0.3006
	[430/563], Loss 0.0118
	[431/563], Loss 0.0805
	[432/563], Loss 0.0022
	[433/563], Loss 0.2263
	[434/563], Loss 0.6155
	[435/563], Loss 0.1123
	[436/563], Loss 0.0089
	[437/563], Loss 0.1574
	[438/563], Loss 2.0541
	[439/563], Loss 1.1286
	[440/563], Loss 0.0955
	[441/563], Loss 0.9978
	[442/563], Loss 0.1434
	[443/563], Loss 0.2914
	[444/563], Loss 0.0311
	[445/563], Loss 0.0064
	[446/563], Loss 0.0246
	[447/563], Loss 0.3611
	[448/563], Loss 0.0529
	[449/563], Loss 0.0216
	[450/563], Loss 0.6749
	[451/563], Loss 0.0804
	[452/563], Loss 0.0013
	[453/563], Loss 0.0107
	[454/563], Loss 0.5115
	[455/563], Loss 0.0258
	[456/563], Loss 0.4271
	[457/563], Loss 0.2155
	[458/563], Loss 0.0337
	[459/563], Loss 0.0148
	[460/563], Loss 0.0100
	[461/563], Loss 0.1112
	[462/563], Loss 0.0094
	[463/563], Loss 0.0020
	[464/563], Loss 0.4717
	[465/563], Loss 0.8971
	[466/563], Loss 0.2590
	[467/563], Loss 0.3506
	[468/563], Loss 0.1380
	[469/563], Loss 0.0345
	[470/563], Loss 0.0027
	[471/563], Loss 0.3397
	[472/563], Loss 0.0085
	[473/563], Loss 0.2347
	[474/563], Loss 0.0234
	[475/563], Loss 1.0464
	[476/563], Loss 0.0967
	[477/563], Loss 0.3339
	[478/563], Loss 0.2338
	[479/563], Loss 0.0745
	[480/563], Loss 0.0144
	[481/563], Loss 0.0016
	[482/563], Loss 0.0324
	[483/563], Loss 0.0126
	[484/563], Loss 0.2003
	[485/563], Loss 0.0109
	[486/563], Loss 0.3036
	[487/563], Loss 0.0093
	[488/563], Loss 0.0697
	[489/563], Loss 0.0065
	[490/563], Loss 0.1530
	[491/563], Loss 0.4049
	[492/563], Loss 0.1186
	[493/563], Loss 0.1101
	[494/563], Loss 1.6141
	[495/563], Loss 0.0120
	[496/563], Loss 0.3592
	[497/563], Loss 0.0592
	[498/563], Loss 0.1755
	[499/563], Loss 0.0394
	[500/563], Loss 0.0003
	[501/563], Loss 0.1796
	[502/563], Loss 0.0137
	[503/563], Loss 0.0010
	[504/563], Loss 2.6308
	[505/563], Loss 0.6645
	[506/563], Loss 0.9801
	[507/563], Loss 0.0169
	[508/563], Loss 0.0160
	[509/563], Loss 0.0034
	[510/563], Loss 0.0420
	[511/563], Loss 0.0093
	[512/563], Loss 1.0990
	[513/563], Loss 0.4388
	[514/563], Loss 0.0527
	[515/563], Loss 0.6152
	[516/563], Loss 0.2810
	[517/563], Loss 0.0379
	[518/563], Loss 0.0437
	[519/563], Loss 0.0012
	[520/563], Loss 1.3546
	[521/563], Loss 0.7263
	[522/563], Loss 0.0076
	[523/563], Loss 0.5231
	[524/563], Loss 0.0028
	[525/563], Loss 0.0163
	[526/563], Loss 0.0005
	[527/563], Loss 0.1694
	[528/563], Loss 1.4751
	[529/563], Loss 0.0709
	[530/563], Loss 0.2397
	[531/563], Loss 0.0062
	[532/563], Loss 0.4230
	[533/563], Loss 0.2299
	[534/563], Loss 0.0129
	[535/563], Loss 0.0091
	[536/563], Loss 1.8908
	[537/563], Loss 1.0195
	[538/563], Loss 0.0205
	[539/563], Loss 0.0624
	[540/563], Loss 0.0060
	[541/563], Loss 0.2877
	[542/563], Loss 0.0002
	[543/563], Loss 0.0324
	[544/563], Loss 0.0067
	[545/563], Loss 0.0024
	[546/563], Loss 0.0070
	[547/563], Loss 0.0221
	[548/563], Loss 0.0166
	[549/563], Loss 0.0015
	[550/563], Loss 0.0766
	[551/563], Loss 0.0136
	[552/563], Loss 0.1393
	[553/563], Loss 0.0083
	[554/563], Loss 0.0003
	[555/563], Loss 0.0074
	[556/563], Loss 0.2534
	[557/563], Loss 1.8524
	[558/563], Loss 0.3209
	[559/563], Loss 0.1750
	[560/563], Loss 0.0037
	[561/563], Loss 0.0435
	[562/563], Loss 0.3461
Epoch: 0, Time: 546.6249s, Loss: 0.491747
overall acc  | meanclass acc  | 
0.8464       | 0.799          | 
This Epoch Done!

563
Epoch 1, Training...
	[0/563], Loss 0.1826
	[1/563], Loss 0.0007
	[2/563], Loss 0.0005
	[3/563], Loss 0.0003
	[4/563], Loss 0.0112
	[5/563], Loss 1.1335
	[6/563], Loss 0.0449
	[7/563], Loss 0.3988
	[8/563], Loss 0.0443
	[9/563], Loss 0.0009
	[10/563], Loss 0.0770
	[11/563], Loss 0.0335
	[12/563], Loss 0.5143
	[13/563], Loss 0.6653
	[14/563], Loss 0.0377
	[15/563], Loss 0.4245
	[16/563], Loss 0.0577
	[17/563], Loss 0.8142
	[18/563], Loss 0.0113
	[19/563], Loss 0.0132
	[20/563], Loss 0.2042
	[21/563], Loss 0.3312
	[22/563], Loss 0.7218
	[23/563], Loss 0.5261
	[24/563], Loss 0.7347
	[25/563], Loss 0.4857
	[26/563], Loss 0.2494
	[27/563], Loss 0.0037
	[28/563], Loss 0.2508
	[29/563], Loss 0.5458
	[30/563], Loss 0.7520
	[31/563], Loss 0.0006
	[32/563], Loss 0.0218
	[33/563], Loss 1.5796
	[34/563], Loss 0.3520
	[35/563], Loss 0.0032
	[36/563], Loss 0.0538
	[37/563], Loss 0.0012
	[38/563], Loss 0.0957
	[39/563], Loss 2.7975
	[40/563], Loss 0.2946
	[41/563], Loss 0.0821
	[42/563], Loss 1.7205
	[43/563], Loss 0.9626
	[44/563], Loss 0.0175
	[45/563], Loss 2.4406
	[46/563], Loss 0.0416
	[47/563], Loss 0.5938
	[48/563], Loss 0.0028
	[49/563], Loss 0.0428
	[50/563], Loss 0.0028
	[51/563], Loss 0.0411
	[52/563], Loss 0.0399
	[53/563], Loss 0.0034
	[54/563], Loss 0.0836
	[55/563], Loss 0.0011
	[56/563], Loss 0.0168
	[57/563], Loss 0.0323
	[58/563], Loss 0.0133
	[59/563], Loss 0.0099
	[60/563], Loss 0.6542
	[61/563], Loss 0.0348
	[62/563], Loss 0.0045
	[63/563], Loss 0.0241
	[64/563], Loss 0.0131
	[65/563], Loss 0.5014
	[66/563], Loss 0.1710
	[67/563], Loss 0.0041
	[68/563], Loss 0.0191
	[69/563], Loss 0.0218
	[70/563], Loss 0.0561
	[71/563], Loss 0.0031
	[72/563], Loss 0.0406
	[73/563], Loss 0.2880
	[74/563], Loss 0.0103
	[75/563], Loss 0.0010
	[76/563], Loss 0.0016
	[77/563], Loss 0.0118
	[78/563], Loss 0.0016
	[79/563], Loss 0.1268
	[80/563], Loss 0.0131
	[81/563], Loss 0.1601
	[82/563], Loss 0.0068
	[83/563], Loss 0.2375
	[84/563], Loss 0.0418
	[85/563], Loss 0.0177
	[86/563], Loss 0.0052
	[87/563], Loss 0.0176
	[88/563], Loss 0.0152
	[89/563], Loss 1.7736
	[90/563], Loss 0.2156
	[91/563], Loss 0.0306
	[92/563], Loss 0.0378
	[93/563], Loss 0.0009
	[94/563], Loss 0.8470
	[95/563], Loss 0.0058
	[96/563], Loss 0.0070
	[97/563], Loss 0.2492
	[98/563], Loss 0.3000
	[99/563], Loss 0.0056
	[100/563], Loss 0.0007
	[101/563], Loss 0.0198
	[102/563], Loss 1.0886
	[103/563], Loss 0.0532
	[104/563], Loss 0.6866
	[105/563], Loss 1.0382
	[106/563], Loss 0.0132
	[107/563], Loss 0.1163
	[108/563], Loss 0.0154
	[109/563], Loss 0.7137
	[110/563], Loss 0.0031
	[111/563], Loss 0.4758
	[112/563], Loss 0.0489
	[113/563], Loss 0.0152
	[114/563], Loss 0.0866
	[115/563], Loss 0.0160
	[116/563], Loss 1.1130
	[117/563], Loss 0.1352
	[118/563], Loss 0.3308
	[119/563], Loss 0.0006
	[120/563], Loss 0.0175
	[121/563], Loss 0.0105
	[122/563], Loss 0.0662
	[123/563], Loss 0.1653
	[124/563], Loss 0.0639
	[125/563], Loss 0.0821
	[126/563], Loss 0.2886
	[127/563], Loss 0.8710
	[128/563], Loss 0.1709
	[129/563], Loss 0.0084
	[130/563], Loss 0.0045
	[131/563], Loss 0.0874
	[132/563], Loss 0.0593
	[133/563], Loss 0.0039
	[134/563], Loss 0.2077
	[135/563], Loss 0.0510
	[136/563], Loss 0.0119
	[137/563], Loss 0.0070
	[138/563], Loss 0.0129
	[139/563], Loss 0.0256
	[140/563], Loss 0.5299
	[141/563], Loss 0.0406
	[142/563], Loss 0.3737
	[143/563], Loss 0.0225
	[144/563], Loss 0.1013
	[145/563], Loss 0.0502
	[146/563], Loss 0.0475
	[147/563], Loss 0.0645
	[148/563], Loss 0.1602
	[149/563], Loss 0.0004
	[150/563], Loss 0.0084
	[151/563], Loss 0.0305
	[152/563], Loss 0.1143
	[153/563], Loss 0.0305
	[154/563], Loss 0.1149
	[155/563], Loss 0.0195
	[156/563], Loss 0.5087
	[157/563], Loss 0.0191
	[158/563], Loss 0.0021
	[159/563], Loss 0.0005
	[160/563], Loss 0.0297
	[161/563], Loss 0.0282
	[162/563], Loss 0.0030
	[163/563], Loss 0.0015
	[164/563], Loss 0.0053
	[165/563], Loss 0.0141
	[166/563], Loss 0.0573
	[167/563], Loss 0.0186
	[168/563], Loss 1.1040
	[169/563], Loss 0.0079
	[170/563], Loss 0.0349
	[171/563], Loss 0.0186
	[172/563], Loss 0.0046
	[173/563], Loss 0.4642
	[174/563], Loss 0.0078
	[175/563], Loss 0.0060
	[176/563], Loss 0.0505
	[177/563], Loss 0.1282
	[178/563], Loss 0.0390
	[179/563], Loss 0.0044
	[180/563], Loss 0.0135
	[181/563], Loss 0.0886
	[182/563], Loss 0.0001
	[183/563], Loss 0.0016
	[184/563], Loss 0.0152
	[185/563], Loss 0.0742
	[186/563], Loss 0.0033
	[187/563], Loss 0.0624
	[188/563], Loss 0.0280
	[189/563], Loss 0.0006
	[190/563], Loss 0.2276
	[191/563], Loss 0.0708
	[192/563], Loss 0.0038
	[193/563], Loss 0.0017
	[194/563], Loss 0.0047
	[195/563], Loss 0.0220
	[196/563], Loss 0.4012
	[197/563], Loss 0.0099
	[198/563], Loss 0.2148
	[199/563], Loss 0.0051
	[200/563], Loss 0.0080
	[201/563], Loss 0.0063
	[202/563], Loss 0.0709
	[203/563], Loss 0.0287
	[204/563], Loss 0.0250
	[205/563], Loss 0.0004
	[206/563], Loss 0.0034
	[207/563], Loss 0.0050
	[208/563], Loss 0.0003
	[209/563], Loss 0.3746
	[210/563], Loss 0.1899
	[211/563], Loss 0.0023
	[212/563], Loss 0.0401
	[213/563], Loss 0.0147
	[214/563], Loss 0.3334
	[215/563], Loss 0.2027
	[216/563], Loss 0.0198
	[217/563], Loss 1.1382
	[218/563], Loss 0.4658
	[219/563], Loss 0.1580
	[220/563], Loss 0.0020
	[221/563], Loss 0.0060
	[222/563], Loss 0.1873
	[223/563], Loss 0.0062
	[224/563], Loss 2.0491
	[225/563], Loss 0.0004
	[226/563], Loss 0.0824
	[227/563], Loss 0.7662
	[228/563], Loss 0.8655
	[229/563], Loss 0.0201
	[230/563], Loss 0.1304
	[231/563], Loss 0.0002
	[232/563], Loss 0.3345
	[233/563], Loss 0.0060
	[234/563], Loss 0.0550
	[235/563], Loss 0.0043
	[236/563], Loss 0.0174
	[237/563], Loss 0.0340
	[238/563], Loss 0.2618
	[239/563], Loss 0.0041
	[240/563], Loss 0.8276
	[241/563], Loss 0.0768
	[242/563], Loss 0.7535
	[243/563], Loss 0.1682
	[244/563], Loss 0.4537
	[245/563], Loss 0.4742
	[246/563], Loss 0.0003
	[247/563], Loss 0.0273
	[248/563], Loss 0.0627
	[249/563], Loss 0.1318
	[250/563], Loss 0.0044
	[251/563], Loss 0.5863
	[252/563], Loss 0.0006
	[253/563], Loss 0.0159
	[254/563], Loss 0.0080
	[255/563], Loss 0.0073
	[256/563], Loss 0.1097
	[257/563], Loss 0.2977
	[258/563], Loss 0.0087
	[259/563], Loss 0.0011
	[260/563], Loss 0.0033
	[261/563], Loss 0.5504
	[262/563], Loss 0.0196
	[263/563], Loss 0.0051
	[264/563], Loss 0.0039
	[265/563], Loss 0.0092
	[266/563], Loss 0.0009
	[267/563], Loss 0.0021
	[268/563], Loss 0.0621
	[269/563], Loss 0.1641
	[270/563], Loss 0.0220
	[271/563], Loss 1.2237
	[272/563], Loss 0.0854
	[273/563], Loss 0.1119
	[274/563], Loss 0.0279
	[275/563], Loss 0.4385
	[276/563], Loss 0.3892
	[277/563], Loss 3.5462
	[278/563], Loss 0.0588
	[279/563], Loss 0.0208
	[280/563], Loss 0.0355
	[281/563], Loss 0.0096
	[282/563], Loss 0.2002
	[283/563], Loss 0.0516
	[284/563], Loss 0.0256
	[285/563], Loss 0.0057
	[286/563], Loss 0.0034
	[287/563], Loss 0.0088
	[288/563], Loss 0.6345
	[289/563], Loss 0.0989
	[290/563], Loss 0.2826
	[291/563], Loss 0.0551
	[292/563], Loss 3.7856
	[293/563], Loss 0.1681
	[294/563], Loss 0.0023
	[295/563], Loss 0.0443
	[296/563], Loss 0.0030
	[297/563], Loss 0.0184
	[298/563], Loss 0.0102
	[299/563], Loss 0.0694
	[300/563], Loss 0.0081
	[301/563], Loss 0.0137
	[302/563], Loss 0.0002
	[303/563], Loss 0.0002
	[304/563], Loss 0.0336
	[305/563], Loss 0.8338
	[306/563], Loss 0.0019
	[307/563], Loss 0.0188
	[308/563], Loss 0.0179
	[309/563], Loss 0.0035
	[310/563], Loss 0.2472
	[311/563], Loss 0.3539
	[312/563], Loss 0.0003
	[313/563], Loss 0.0710
	[314/563], Loss 0.0070
	[315/563], Loss 0.0018
	[316/563], Loss 0.0124
	[317/563], Loss 1.3387
	[318/563], Loss 0.0023
	[319/563], Loss 1.4526
	[320/563], Loss 0.0010
	[321/563], Loss 0.0010
	[322/563], Loss 0.6508
	[323/563], Loss 0.0164
	[324/563], Loss 0.0133
	[325/563], Loss 0.0004
	[326/563], Loss 0.0006
	[327/563], Loss 0.3938
	[328/563], Loss 0.0449
	[329/563], Loss 0.0906
	[330/563], Loss 0.0936
	[331/563], Loss 0.0098
	[332/563], Loss 1.1303
	[333/563], Loss 0.0021
	[334/563], Loss 2.1499
	[335/563], Loss 0.8196
	[336/563], Loss 0.2307
	[337/563], Loss 0.0389
	[338/563], Loss 0.0008
	[339/563], Loss 0.4599
	[340/563], Loss 0.0042
	[341/563], Loss 0.2996
	[342/563], Loss 0.0024
	[343/563], Loss 0.1184
	[344/563], Loss 0.3994
	[345/563], Loss 0.0107
	[346/563], Loss 0.0633
	[347/563], Loss 0.6482
	[348/563], Loss 0.0732
	[349/563], Loss 0.3726
	[350/563], Loss 0.0662
	[351/563], Loss 0.4489
	[352/563], Loss 0.0083
	[353/563], Loss 0.1028
	[354/563], Loss 0.0035
	[355/563], Loss 0.0020
	[356/563], Loss 0.0414
	[357/563], Loss 0.5031
	[358/563], Loss 0.0078
	[359/563], Loss 0.0548
	[360/563], Loss 0.0030
	[361/563], Loss 0.5000
	[362/563], Loss 0.0553
	[363/563], Loss 0.0307
	[364/563], Loss 0.1255
	[365/563], Loss 0.3041
	[366/563], Loss 0.1061
	[367/563], Loss 0.2762
	[368/563], Loss 1.3071
	[369/563], Loss 0.0255
	[370/563], Loss 0.7458
	[371/563], Loss 0.1253
	[372/563], Loss 0.2583
	[373/563], Loss 0.0011
	[374/563], Loss 1.0826
	[375/563], Loss 0.1785
	[376/563], Loss 0.0064
	[377/563], Loss 0.1215
	[378/563], Loss 0.0113
	[379/563], Loss 1.2077
	[380/563], Loss 0.0118
	[381/563], Loss 0.3561
	[382/563], Loss 0.0997
	[383/563], Loss 0.0311
	[384/563], Loss 0.0023
	[385/563], Loss 0.0281
	[386/563], Loss 0.0075
	[387/563], Loss 1.7739
	[388/563], Loss 0.0757
	[389/563], Loss 0.0988
	[390/563], Loss 0.0108
	[391/563], Loss 0.0065
	[392/563], Loss 0.6084
	[393/563], Loss 0.0074
	[394/563], Loss 0.0078
	[395/563], Loss 0.2314
	[396/563], Loss 0.0204
	[397/563], Loss 0.0908
	[398/563], Loss 0.0196
	[399/563], Loss 0.0899
	[400/563], Loss 0.0155
	[401/563], Loss 0.0024
	[402/563], Loss 0.3811
	[403/563], Loss 0.0086
	[404/563], Loss 0.0034
	[405/563], Loss 0.9244
	[406/563], Loss 0.0347
	[407/563], Loss 0.0022
	[408/563], Loss 0.0003
	[409/563], Loss 0.9504
	[410/563], Loss 0.0132
	[411/563], Loss 0.1361
	[412/563], Loss 0.0006
	[413/563], Loss 0.0110
	[414/563], Loss 0.0036
	[415/563], Loss 0.0005
	[416/563], Loss 0.3073
	[417/563], Loss 0.0390
	[418/563], Loss 0.0280
	[419/563], Loss 0.2379
	[420/563], Loss 0.1688
	[421/563], Loss 0.0078
	[422/563], Loss 0.0010
	[423/563], Loss 0.0028
	[424/563], Loss 0.0545
	[425/563], Loss 0.0005
	[426/563], Loss 0.1958
	[427/563], Loss 1.5597
	[428/563], Loss 0.0018
	[429/563], Loss 0.0004
	[430/563], Loss 0.2435
	[431/563], Loss 0.0483
	[432/563], Loss 0.0529
	[433/563], Loss 0.0529
	[434/563], Loss 0.1221
	[435/563], Loss 0.0017
	[436/563], Loss 0.0019
	[437/563], Loss 0.0280
	[438/563], Loss 0.1677
	[439/563], Loss 0.0023
	[440/563], Loss 0.0182
	[441/563], Loss 0.0009
	[442/563], Loss 0.1061
	[443/563], Loss 0.0170
	[444/563], Loss 0.0140
	[445/563], Loss 0.0201
	[446/563], Loss 1.4248
	[447/563], Loss 0.0022
	[448/563], Loss 0.0037
	[449/563], Loss 0.7472
	[450/563], Loss 0.3392
	[451/563], Loss 0.1209
	[452/563], Loss 0.0014
	[453/563], Loss 0.0301
	[454/563], Loss 0.1641
	[455/563], Loss 0.0316
	[456/563], Loss 0.6698
	[457/563], Loss 0.0278
	[458/563], Loss 0.0019
	[459/563], Loss 0.0002
	[460/563], Loss 0.2486
	[461/563], Loss 0.0076
	[462/563], Loss 0.0430
	[463/563], Loss 0.0040
	[464/563], Loss 0.0290
	[465/563], Loss 0.0054
	[466/563], Loss 0.4722
	[467/563], Loss 0.0039
	[468/563], Loss 0.0070
	[469/563], Loss 0.0318
	[470/563], Loss 0.0026
	[471/563], Loss 0.0188
	[472/563], Loss 0.1472
	[473/563], Loss 0.0082
	[474/563], Loss 0.0053
	[475/563], Loss 0.0293
	[476/563], Loss 0.0577
	[477/563], Loss 0.0026
	[478/563], Loss 0.0002
	[479/563], Loss 0.0146
	[480/563], Loss 0.6986
	[481/563], Loss 0.0266
	[482/563], Loss 0.6017
	[483/563], Loss 0.0171
	[484/563], Loss 0.1491
	[485/563], Loss 0.0128
	[486/563], Loss 0.0268
	[487/563], Loss 0.0112
	[488/563], Loss 0.0015
	[489/563], Loss 0.0049
	[490/563], Loss 0.0079
	[491/563], Loss 1.6437
	[492/563], Loss 0.0876
	[493/563], Loss 0.0008
	[494/563], Loss 0.0086
	[495/563], Loss 0.0018
	[496/563], Loss 0.0087
	[497/563], Loss 0.0357
	[498/563], Loss 0.0014
	[499/563], Loss 0.0064
	[500/563], Loss 0.0005
	[501/563], Loss 1.4868
	[502/563], Loss 0.0030
	[503/563], Loss 0.0168
	[504/563], Loss 0.1954
	[505/563], Loss 0.0061
	[506/563], Loss 0.0438
	[507/563], Loss 0.0240
	[508/563], Loss 0.0008
	[509/563], Loss 0.0013
	[510/563], Loss 0.0080
	[511/563], Loss 0.0236
	[512/563], Loss 0.0730
	[513/563], Loss 0.0001
	[514/563], Loss 0.0048
	[515/563], Loss 1.5700
	[516/563], Loss 0.0008
	[517/563], Loss 0.0023
	[518/563], Loss 0.0018
	[519/563], Loss 0.0158
	[520/563], Loss 1.3978
	[521/563], Loss 0.5165
	[522/563], Loss 0.0011
	[523/563], Loss 0.0113
	[524/563], Loss 0.0597
	[525/563], Loss 0.0225
	[526/563], Loss 0.0028
	[527/563], Loss 0.0022
	[528/563], Loss 0.0043
	[529/563], Loss 0.0007
	[530/563], Loss 0.0030
	[531/563], Loss 0.0037
	[532/563], Loss 0.0024
	[533/563], Loss 0.0024
	[534/563], Loss 0.0132
	[535/563], Loss 0.0019
	[536/563], Loss 0.0232
	[537/563], Loss 0.0029
	[538/563], Loss 0.0002
	[539/563], Loss 0.0181
	[540/563], Loss 0.1631
	[541/563], Loss 0.5038
	[542/563], Loss 0.0387
	[543/563], Loss 0.3436
	[544/563], Loss 0.0009
	[545/563], Loss 0.0599
	[546/563], Loss 0.0018
	[547/563], Loss 0.0079
	[548/563], Loss 0.0351
	[549/563], Loss 0.0015
	[550/563], Loss 0.0350
	[551/563], Loss 0.3283
	[552/563], Loss 0.0061
	[553/563], Loss 0.0105
	[554/563], Loss 0.0050
	[555/563], Loss 0.0340
	[556/563], Loss 0.0167
	[557/563], Loss 0.0036
	[558/563], Loss 0.2521
	[559/563], Loss 0.2518
	[560/563], Loss 0.0172
	[561/563], Loss 0.0012
	[562/563], Loss 0.0297
Epoch: 1, Time: 547.2137s, Loss: 0.195568
overall acc  | meanclass acc  | 
0.9378       | 0.9214         | 
This Epoch Done!

1126
Epoch 2, Training...
	[0/563], Loss 0.0010
	[1/563], Loss 0.0345
	[2/563], Loss 0.0236
	[3/563], Loss 0.0768
	[4/563], Loss 0.0635
	[5/563], Loss 0.0059
	[6/563], Loss 0.6546
	[7/563], Loss 0.2588
	[8/563], Loss 0.0006
	[9/563], Loss 0.0276
	[10/563], Loss 0.1881
	[11/563], Loss 0.0006
	[12/563], Loss 0.0006
	[13/563], Loss 1.5098
	[14/563], Loss 0.0033
	[15/563], Loss 0.0074
	[16/563], Loss 0.4640
	[17/563], Loss 0.0001
	[18/563], Loss 0.0004
	[19/563], Loss 0.1372
	[20/563], Loss 0.0005
	[21/563], Loss 0.3079
	[22/563], Loss 0.0027
	[23/563], Loss 0.0027
	[24/563], Loss 0.2597
	[25/563], Loss 0.0007
	[26/563], Loss 0.0005
	[27/563], Loss 0.0004
	[28/563], Loss 0.0039
	[29/563], Loss 0.0092
	[30/563], Loss 0.0066
	[31/563], Loss 0.5815
	[32/563], Loss 0.1517
	[33/563], Loss 0.0134
	[34/563], Loss 0.0023
	[35/563], Loss 0.0011
	[36/563], Loss 0.1084
	[37/563], Loss 0.0014
	[38/563], Loss 0.0017
	[39/563], Loss 0.0094
	[40/563], Loss 0.0299
	[41/563], Loss 0.0044
	[42/563], Loss 0.0029
	[43/563], Loss 0.2539
	[44/563], Loss 0.0087
	[45/563], Loss 0.0004
	[46/563], Loss 0.0344
	[47/563], Loss 0.0117
	[48/563], Loss 0.0014
	[49/563], Loss 0.1050
	[50/563], Loss 0.0761
	[51/563], Loss 0.0128
	[52/563], Loss 0.1098
	[53/563], Loss 0.0003
	[54/563], Loss 0.0062
	[55/563], Loss 0.5967
	[56/563], Loss 0.0064
	[57/563], Loss 0.0036
	[58/563], Loss 0.0412
	[59/563], Loss 0.0006
	[60/563], Loss 0.0049
	[61/563], Loss 0.0002
	[62/563], Loss 0.0054
	[63/563], Loss 0.0020
	[64/563], Loss 0.0005
	[65/563], Loss 0.0007
	[66/563], Loss 0.0007
	[67/563], Loss 0.0001
	[68/563], Loss 0.5919
	[69/563], Loss 0.0010
	[70/563], Loss 0.0020
	[71/563], Loss 0.8688
	[72/563], Loss 0.0253
	[73/563], Loss 0.0140
	[74/563], Loss 0.1531
	[75/563], Loss 0.0360
	[76/563], Loss 0.0172
	[77/563], Loss 0.6928
	[78/563], Loss 0.0005
	[79/563], Loss 0.1460
	[80/563], Loss 0.0001
	[81/563], Loss 0.0009
	[82/563], Loss 0.3499
	[83/563], Loss 0.0049
	[84/563], Loss 0.1272
	[85/563], Loss 0.0025
	[86/563], Loss 0.0009
	[87/563], Loss 0.0145
	[88/563], Loss 0.0329
	[89/563], Loss 0.0016
	[90/563], Loss 0.0033
	[91/563], Loss 0.0608
	[92/563], Loss 0.0110
	[93/563], Loss 0.0270
	[94/563], Loss 0.0119
	[95/563], Loss 0.8586
	[96/563], Loss 0.0022
	[97/563], Loss 0.0163
	[98/563], Loss 0.0065
	[99/563], Loss 0.1204
	[100/563], Loss 0.0002
	[101/563], Loss 0.1134
	[102/563], Loss 0.0014
	[103/563], Loss 0.0485
	[104/563], Loss 0.0016
	[105/563], Loss 0.0016
	[106/563], Loss 4.0167
	[107/563], Loss 0.4898
	[108/563], Loss 0.0155
	[109/563], Loss 0.0532
	[110/563], Loss 0.0068
	[111/563], Loss 0.0089
	[112/563], Loss 0.0009
	[113/563], Loss 0.8068
	[114/563], Loss 0.6627
	[115/563], Loss 0.0003
	[116/563], Loss 0.0008
	[117/563], Loss 0.0000
	[118/563], Loss 0.0309
	[119/563], Loss 0.3239
	[120/563], Loss 0.0274
	[121/563], Loss 0.3865
	[122/563], Loss 0.0006
	[123/563], Loss 0.0004
	[124/563], Loss 0.0036
	[125/563], Loss 0.0061
	[126/563], Loss 0.5506
	[127/563], Loss 0.2779
	[128/563], Loss 0.0092
	[129/563], Loss 0.5061
	[130/563], Loss 0.0339
	[131/563], Loss 0.0548
	[132/563], Loss 0.0005
	[133/563], Loss 0.0013
	[134/563], Loss 0.0021
	[135/563], Loss 0.4661
	[136/563], Loss 0.0080
	[137/563], Loss 0.0031
	[138/563], Loss 0.0012
	[139/563], Loss 0.0389
	[140/563], Loss 0.0011
	[141/563], Loss 0.0010
	[142/563], Loss 0.0156
	[143/563], Loss 0.0144
	[144/563], Loss 0.3771
	[145/563], Loss 0.0783
	[146/563], Loss 0.0044
	[147/563], Loss 0.0164
	[148/563], Loss 0.0332
	[149/563], Loss 0.0321
	[150/563], Loss 0.0012
	[151/563], Loss 0.0002
	[152/563], Loss 0.0232
	[153/563], Loss 0.0026
	[154/563], Loss 0.0034
	[155/563], Loss 0.0414
	[156/563], Loss 0.0004
	[157/563], Loss 0.9621
	[158/563], Loss 0.0031
	[159/563], Loss 0.0317
	[160/563], Loss 0.1694
	[161/563], Loss 1.5816
	[162/563], Loss 0.0037
	[163/563], Loss 0.0001
	[164/563], Loss 0.0853
	[165/563], Loss 0.0656
	[166/563], Loss 0.0690
	[167/563], Loss 0.0044
	[168/563], Loss 0.0251
	[169/563], Loss 0.0030
	[170/563], Loss 0.2151
	[171/563], Loss 0.0429
	[172/563], Loss 0.0005
	[173/563], Loss 0.0036
	[174/563], Loss 0.4061
	[175/563], Loss 0.0022
	[176/563], Loss 0.0004
	[177/563], Loss 0.0853
	[178/563], Loss 0.0006
	[179/563], Loss 0.0016
	[180/563], Loss 0.0356
	[181/563], Loss 0.0039
	[182/563], Loss 0.0008
	[183/563], Loss 0.0066
	[184/563], Loss 0.0216
	[185/563], Loss 0.0019
	[186/563], Loss 0.0285
	[187/563], Loss 0.0013
	[188/563], Loss 0.1606
	[189/563], Loss 0.0017
	[190/563], Loss 0.0177
	[191/563], Loss 0.0001
	[192/563], Loss 0.0683
	[193/563], Loss 0.0002
	[194/563], Loss 0.0094
	[195/563], Loss 0.0011
	[196/563], Loss 0.0068
	[197/563], Loss 0.0299
	[198/563], Loss 0.0020
	[199/563], Loss 0.0124
	[200/563], Loss 0.0148
	[201/563], Loss 0.0009
	[202/563], Loss 0.0008
	[203/563], Loss 0.3176
	[204/563], Loss 0.0133
	[205/563], Loss 0.0025
	[206/563], Loss 0.0017
	[207/563], Loss 0.0003
	[208/563], Loss 0.0376
	[209/563], Loss 0.0045
	[210/563], Loss 0.0049
	[211/563], Loss 0.3861
	[212/563], Loss 0.0359
	[213/563], Loss 0.0815
	[214/563], Loss 0.3291
	[215/563], Loss 0.0051
	[216/563], Loss 0.0003
	[217/563], Loss 0.0018
	[218/563], Loss 0.0298
	[219/563], Loss 0.0001
	[220/563], Loss 0.0052
	[221/563], Loss 0.3000
	[222/563], Loss 0.0005
	[223/563], Loss 0.0008
	[224/563], Loss 0.0007
	[225/563], Loss 0.0341
	[226/563], Loss 0.0249
	[227/563], Loss 0.0068
	[228/563], Loss 0.0004
	[229/563], Loss 0.0003
	[230/563], Loss 0.0453
	[231/563], Loss 0.0000
	[232/563], Loss 0.0122
	[233/563], Loss 0.0001
	[234/563], Loss 0.0129
	[235/563], Loss 0.0367
	[236/563], Loss 0.0000
	[237/563], Loss 0.2151
	[238/563], Loss 0.0002
	[239/563], Loss 0.1917
	[240/563], Loss 0.2011
	[241/563], Loss 0.0276
	[242/563], Loss 0.0002
	[243/563], Loss 0.0001
	[244/563], Loss 0.0026
	[245/563], Loss 0.0015
	[246/563], Loss 0.0000
	[247/563], Loss 0.3009
	[248/563], Loss 0.0010
	[249/563], Loss 0.4856
	[250/563], Loss 0.0103
	[251/563], Loss 0.0013
	[252/563], Loss 0.0000
	[253/563], Loss 0.0017
	[254/563], Loss 0.0004
	[255/563], Loss 0.0487
	[256/563], Loss 0.0004
	[257/563], Loss 0.0011
	[258/563], Loss 0.0040
	[259/563], Loss 0.0000
	[260/563], Loss 0.0040
	[261/563], Loss 0.0194
	[262/563], Loss 0.0049
	[263/563], Loss 0.0048
	[264/563], Loss 0.0213
	[265/563], Loss 0.0019
	[266/563], Loss 0.5551
	[267/563], Loss 0.0117
	[268/563], Loss 0.0036
	[269/563], Loss 0.0027
	[270/563], Loss 0.0009
	[271/563], Loss 0.0024
	[272/563], Loss 0.0009
	[273/563], Loss 0.3600
	[274/563], Loss 0.0007
	[275/563], Loss 0.0002
	[276/563], Loss 0.0007
	[277/563], Loss 0.0086
	[278/563], Loss 0.0964
	[279/563], Loss 0.0016
	[280/563], Loss 0.0005
	[281/563], Loss 0.0006
	[282/563], Loss 1.1436
	[283/563], Loss 0.0001
	[284/563], Loss 0.3304
	[285/563], Loss 0.0065
	[286/563], Loss 0.0000
	[287/563], Loss 0.0005
	[288/563], Loss 0.0313
	[289/563], Loss 0.0087
	[290/563], Loss 0.0242
	[291/563], Loss 0.0003
	[292/563], Loss 0.0100
	[293/563], Loss 0.3279
	[294/563], Loss 0.0062
	[295/563], Loss 0.0022
	[296/563], Loss 0.0029
	[297/563], Loss 0.0014
	[298/563], Loss 0.0065
	[299/563], Loss 0.0309
	[300/563], Loss 0.6718
	[301/563], Loss 0.0008
	[302/563], Loss 0.0712
	[303/563], Loss 0.1740
	[304/563], Loss 0.0004
	[305/563], Loss 0.3105
	[306/563], Loss 0.0065
	[307/563], Loss 0.0471
	[308/563], Loss 0.0210
	[309/563], Loss 0.0006
	[310/563], Loss 0.0088
	[311/563], Loss 0.0011
	[312/563], Loss 0.1576
	[313/563], Loss 0.2416
	[314/563], Loss 0.0829
	[315/563], Loss 0.1603
	[316/563], Loss 0.0009
	[317/563], Loss 0.0170
	[318/563], Loss 0.0468
	[319/563], Loss 0.9934
	[320/563], Loss 0.0975
	[321/563], Loss 2.1270
	[322/563], Loss 0.0001
	[323/563], Loss 0.0077
	[324/563], Loss 0.6273
	[325/563], Loss 0.0378
	[326/563], Loss 0.0398
	[327/563], Loss 0.0036
	[328/563], Loss 0.0070
	[329/563], Loss 0.0008
	[330/563], Loss 0.9397
	[331/563], Loss 0.0007
	[332/563], Loss 0.0017
	[333/563], Loss 0.0041
	[334/563], Loss 0.0083
	[335/563], Loss 0.2548
	[336/563], Loss 0.0000
	[337/563], Loss 0.0028
	[338/563], Loss 0.0016
	[339/563], Loss 0.2626
	[340/563], Loss 0.1106
	[341/563], Loss 0.0005
	[342/563], Loss 0.0083
	[343/563], Loss 0.0005
	[344/563], Loss 0.0389
	[345/563], Loss 0.1506
	[346/563], Loss 0.0004
	[347/563], Loss 0.0046
	[348/563], Loss 0.0009
	[349/563], Loss 0.0039
	[350/563], Loss 0.0039
	[351/563], Loss 0.3639
	[352/563], Loss 0.0620
	[353/563], Loss 0.0005
	[354/563], Loss 0.2040
	[355/563], Loss 0.0031
	[356/563], Loss 0.2926
	[357/563], Loss 1.8029
	[358/563], Loss 0.0152
	[359/563], Loss 0.3368
	[360/563], Loss 0.0001
	[361/563], Loss 0.0534
	[362/563], Loss 0.5460
	[363/563], Loss 0.0472
	[364/563], Loss 1.0354
	[365/563], Loss 0.0004
	[366/563], Loss 0.0444
	[367/563], Loss 0.0112
	[368/563], Loss 0.0007
	[369/563], Loss 0.2111
	[370/563], Loss 0.4835
	[371/563], Loss 0.0122
	[372/563], Loss 0.0047
	[373/563], Loss 0.0058
	[374/563], Loss 0.0034
	[375/563], Loss 0.0099
	[376/563], Loss 0.0000
	[377/563], Loss 0.0004
	[378/563], Loss 0.0478
	[379/563], Loss 0.0034
	[380/563], Loss 0.4205
	[381/563], Loss 0.1474
	[382/563], Loss 0.0393
	[383/563], Loss 2.0072
	[384/563], Loss 0.0009
	[385/563], Loss 0.0029
	[386/563], Loss 0.0005
	[387/563], Loss 0.0007
	[388/563], Loss 0.0019
	[389/563], Loss 0.0006
	[390/563], Loss 0.0800
	[391/563], Loss 0.0068
	[392/563], Loss 0.0014
	[393/563], Loss 0.0263
	[394/563], Loss 0.0043
	[395/563], Loss 0.2480
	[396/563], Loss 0.9197
	[397/563], Loss 0.0529
	[398/563], Loss 0.0145
	[399/563], Loss 0.0104
	[400/563], Loss 0.0454
	[401/563], Loss 0.7384
	[402/563], Loss 0.0402
	[403/563], Loss 0.0002
	[404/563], Loss 0.1331
	[405/563], Loss 0.0019
	[406/563], Loss 0.1121
	[407/563], Loss 0.0183
	[408/563], Loss 0.1194
	[409/563], Loss 0.2077
	[410/563], Loss 0.0207
	[411/563], Loss 0.0634
	[412/563], Loss 1.1316
	[413/563], Loss 0.0000
	[414/563], Loss 0.0088
	[415/563], Loss 0.3032
	[416/563], Loss 0.1190
	[417/563], Loss 0.2854
	[418/563], Loss 0.0001
	[419/563], Loss 0.0012
	[420/563], Loss 0.0234
	[421/563], Loss 0.0002
	[422/563], Loss 0.0264
	[423/563], Loss 0.0076
	[424/563], Loss 0.0070
	[425/563], Loss 0.0159
	[426/563], Loss 0.0034
	[427/563], Loss 0.0002
	[428/563], Loss 0.0825
	[429/563], Loss 0.0004
	[430/563], Loss 0.0044
	[431/563], Loss 0.0087
	[432/563], Loss 0.0061
	[433/563], Loss 0.0051
	[434/563], Loss 0.0718
	[435/563], Loss 0.0007
	[436/563], Loss 0.0020
	[437/563], Loss 0.0197
	[438/563], Loss 0.1494
	[439/563], Loss 0.0004
	[440/563], Loss 0.0087
	[441/563], Loss 0.0004
	[442/563], Loss 0.0373
	[443/563], Loss 0.0011
	[444/563], Loss 0.0002
	[445/563], Loss 0.0430
	[446/563], Loss 0.0001
	[447/563], Loss 0.0009
	[448/563], Loss 0.0154
	[449/563], Loss 0.5034
	[450/563], Loss 0.0102
	[451/563], Loss 0.5015
	[452/563], Loss 0.0002
	[453/563], Loss 0.0002
	[454/563], Loss 0.0559
	[455/563], Loss 0.0236
	[456/563], Loss 0.0406
	[457/563], Loss 0.0106
	[458/563], Loss 0.0006
	[459/563], Loss 0.0027
	[460/563], Loss 0.0060
	[461/563], Loss 0.0010
	[462/563], Loss 0.0009
	[463/563], Loss 0.0003
	[464/563], Loss 0.0007
	[465/563], Loss 0.0000
	[466/563], Loss 0.0003
	[467/563], Loss 0.0002
	[468/563], Loss 0.0003
	[469/563], Loss 0.0715
	[470/563], Loss 0.1499
	[471/563], Loss 0.0032
	[472/563], Loss 0.0027
	[473/563], Loss 0.0035
	[474/563], Loss 0.0001
	[475/563], Loss 0.0003
	[476/563], Loss 0.0529
	[477/563], Loss 0.0024
	[478/563], Loss 0.0310
	[479/563], Loss 0.0007
	[480/563], Loss 0.0004
	[481/563], Loss 0.0003
	[482/563], Loss 0.0043
	[483/563], Loss 0.0001
	[484/563], Loss 0.9038
	[485/563], Loss 0.0000
	[486/563], Loss 0.0001
	[487/563], Loss 0.0000
	[488/563], Loss 0.0118
	[489/563], Loss 0.0003
	[490/563], Loss 0.0024
	[491/563], Loss 0.0119
	[492/563], Loss 0.0007
	[493/563], Loss 0.6258
	[494/563], Loss 0.0492
	[495/563], Loss 0.0010
	[496/563], Loss 0.0012
	[497/563], Loss 0.1799
	[498/563], Loss 0.4299
	[499/563], Loss 0.0021
	[500/563], Loss 0.0036
	[501/563], Loss 0.0001
	[502/563], Loss 0.0618
	[503/563], Loss 0.0018
	[504/563], Loss 0.0298
	[505/563], Loss 0.0082
	[506/563], Loss 0.0328
	[507/563], Loss 1.9590
	[508/563], Loss 0.0000
	[509/563], Loss 0.0035
	[510/563], Loss 0.0177
	[511/563], Loss 0.0012
	[512/563], Loss 0.0024
	[513/563], Loss 0.0066
	[514/563], Loss 0.0039
	[515/563], Loss 0.0917
	[516/563], Loss 0.0435
	[517/563], Loss 0.8062
	[518/563], Loss 0.0062
	[519/563], Loss 0.0157
	[520/563], Loss 0.5032
	[521/563], Loss 0.0010
	[522/563], Loss 0.0001
	[523/563], Loss 0.0558
	[524/563], Loss 0.2021
	[525/563], Loss 0.0086
	[526/563], Loss 0.0019
	[527/563], Loss 0.1522
	[528/563], Loss 0.0189
	[529/563], Loss 0.0002
	[530/563], Loss 0.3953
	[531/563], Loss 0.1042
	[532/563], Loss 0.0003
	[533/563], Loss 0.0001
	[534/563], Loss 0.0554
	[535/563], Loss 1.0054
	[536/563], Loss 0.0041
	[537/563], Loss 0.0103
	[538/563], Loss 0.0010
	[539/563], Loss 0.0277
	[540/563], Loss 0.0001
	[541/563], Loss 0.0137
	[542/563], Loss 0.0005
	[543/563], Loss 0.0012
	[544/563], Loss 0.2802
	[545/563], Loss 0.0691
	[546/563], Loss 0.0011
	[547/563], Loss 0.0029
	[548/563], Loss 0.0819
	[549/563], Loss 0.0072
	[550/563], Loss 0.7574
	[551/563], Loss 0.0583
	[552/563], Loss 0.0003
	[553/563], Loss 0.2979
	[554/563], Loss 0.0080
	[555/563], Loss 0.0523
	[556/563], Loss 0.0036
	[557/563], Loss 0.0002
	[558/563], Loss 0.0402
	[559/563], Loss 0.0010
	[560/563], Loss 0.1991
	[561/563], Loss 0.0115
	[562/563], Loss 0.7601
Epoch: 2, Time: 546.5240s, Loss: 0.113226
overall acc  | meanclass acc  | 
0.9627       | 0.9508         | 
This Epoch Done!

1689
Epoch 3, Training...
	[0/563], Loss 0.0019
	[1/563], Loss 0.0019
	[2/563], Loss 0.0004
	[3/563], Loss 0.0054
	[4/563], Loss 0.0202
	[5/563], Loss 1.0088
	[6/563], Loss 0.0006
	[7/563], Loss 0.0029
	[8/563], Loss 0.0006
	[9/563], Loss 0.0006
	[10/563], Loss 0.0794
	[11/563], Loss 0.0833
	[12/563], Loss 0.0030
	[13/563], Loss 0.0040
	[14/563], Loss 0.0038
	[15/563], Loss 0.0140
	[16/563], Loss 0.0002
	[17/563], Loss 0.1385
	[18/563], Loss 0.0008
	[19/563], Loss 0.1042
	[20/563], Loss 0.0001
	[21/563], Loss 0.2516
	[22/563], Loss 0.0009
	[23/563], Loss 0.6730
	[24/563], Loss 0.0294
	[25/563], Loss 0.0003
	[26/563], Loss 0.0025
	[27/563], Loss 0.0003
	[28/563], Loss 0.0136
	[29/563], Loss 0.0150
	[30/563], Loss 0.0131
	[31/563], Loss 0.0098
	[32/563], Loss 0.0211
	[33/563], Loss 0.0027
	[34/563], Loss 0.2202
	[35/563], Loss 0.0006
	[36/563], Loss 0.0023
	[37/563], Loss 0.2696
	[38/563], Loss 0.0005
	[39/563], Loss 0.0097
	[40/563], Loss 0.0002
	[41/563], Loss 0.0002
	[42/563], Loss 0.2056
	[43/563], Loss 0.0038
	[44/563], Loss 0.0003
	[45/563], Loss 0.0355
	[46/563], Loss 0.5367
	[47/563], Loss 0.0001
	[48/563], Loss 0.2302
	[49/563], Loss 0.0276
	[50/563], Loss 0.0007
	[51/563], Loss 0.0132
	[52/563], Loss 0.9706
	[53/563], Loss 0.0001
	[54/563], Loss 0.0006
	[55/563], Loss 0.0235
	[56/563], Loss 0.0001
	[57/563], Loss 0.0006
	[58/563], Loss 0.0234
	[59/563], Loss 0.0009
	[60/563], Loss 0.0018
	[61/563], Loss 0.2181
	[62/563], Loss 0.0008
	[63/563], Loss 0.0009
	[64/563], Loss 0.0012
	[65/563], Loss 0.4250
	[66/563], Loss 0.0003
	[67/563], Loss 0.0929
	[68/563], Loss 0.4101
	[69/563], Loss 0.0003
	[70/563], Loss 0.0035
	[71/563], Loss 0.0004
	[72/563], Loss 0.0006
	[73/563], Loss 0.0005
	[74/563], Loss 0.0016
	[75/563], Loss 0.2188
	[76/563], Loss 0.0003
	[77/563], Loss 0.1552
	[78/563], Loss 0.0059
	[79/563], Loss 0.0010
	[80/563], Loss 0.0002
	[81/563], Loss 0.2124
	[82/563], Loss 0.1773
	[83/563], Loss 0.0276
	[84/563], Loss 0.0003
	[85/563], Loss 0.0002
	[86/563], Loss 0.3840
	[87/563], Loss 0.3053
	[88/563], Loss 0.0158
	[89/563], Loss 0.0140
	[90/563], Loss 0.0017
	[91/563], Loss 0.0002
	[92/563], Loss 0.0225
	[93/563], Loss 0.0073
	[94/563], Loss 0.0004
	[95/563], Loss 0.0554
	[96/563], Loss 0.1366
	[97/563], Loss 0.1486
	[98/563], Loss 0.0002
	[99/563], Loss 0.1199
	[100/563], Loss 0.0003
	[101/563], Loss 0.0088
	[102/563], Loss 0.0272
	[103/563], Loss 0.2509
	[104/563], Loss 0.0038
	[105/563], Loss 0.0589
	[106/563], Loss 0.9924
	[107/563], Loss 0.0185
	[108/563], Loss 0.0064
	[109/563], Loss 0.2468
	[110/563], Loss 0.0367
	[111/563], Loss 0.4537
	[112/563], Loss 0.0007
	[113/563], Loss 0.0009
	[114/563], Loss 0.0475
	[115/563], Loss 0.0145
	[116/563], Loss 0.0016
	[117/563], Loss 0.0006
	[118/563], Loss 0.0039
	[119/563], Loss 0.0001
	[120/563], Loss 0.0143
	[121/563], Loss 0.0046
	[122/563], Loss 0.0415
	[123/563], Loss 0.0222
	[124/563], Loss 0.0026
	[125/563], Loss 0.0001
	[126/563], Loss 0.0042
	[127/563], Loss 0.5743
	[128/563], Loss 0.0046
	[129/563], Loss 0.0001
	[130/563], Loss 0.0942
	[131/563], Loss 0.0005
	[132/563], Loss 0.0017
	[133/563], Loss 0.0013
	[134/563], Loss 0.0008
	[135/563], Loss 0.0002
	[136/563], Loss 0.0069
	[137/563], Loss 0.1518
	[138/563], Loss 0.0008
	[139/563], Loss 0.0001
	[140/563], Loss 0.1565
	[141/563], Loss 0.0010
	[142/563], Loss 0.0073
	[143/563], Loss 0.4826
	[144/563], Loss 0.0003
	[145/563], Loss 0.0004
	[146/563], Loss 0.0073
	[147/563], Loss 0.2041
	[148/563], Loss 0.0019
	[149/563], Loss 0.0015
	[150/563], Loss 0.0008
	[151/563], Loss 0.0014
	[152/563], Loss 0.0268
	[153/563], Loss 0.2679
	[154/563], Loss 0.0008
	[155/563], Loss 0.0075
	[156/563], Loss 0.0010
	[157/563], Loss 0.0039
	[158/563], Loss 0.0017
	[159/563], Loss 0.2032
	[160/563], Loss 0.0004
	[161/563], Loss 0.0278
	[162/563], Loss 0.0008
	[163/563], Loss 0.8139
	[164/563], Loss 0.0010
	[165/563], Loss 0.0017
	[166/563], Loss 0.0007
	[167/563], Loss 0.0050
	[168/563], Loss 0.0144
	[169/563], Loss 0.0028
	[170/563], Loss 0.0002
	[171/563], Loss 0.0040
	[172/563], Loss 0.0031
	[173/563], Loss 0.0002
	[174/563], Loss 0.0336
	[175/563], Loss 0.0023
	[176/563], Loss 0.0929
	[177/563], Loss 0.0213
	[178/563], Loss 0.0011
	[179/563], Loss 0.0352
	[180/563], Loss 0.0003
	[181/563], Loss 0.0001
	[182/563], Loss 0.0010
	[183/563], Loss 0.0216
	[184/563], Loss 0.2783
	[185/563], Loss 0.0184
	[186/563], Loss 0.0009
	[187/563], Loss 0.0005
	[188/563], Loss 0.0029
	[189/563], Loss 0.0013
	[190/563], Loss 0.0008
	[191/563], Loss 0.0028
	[192/563], Loss 0.0006
	[193/563], Loss 0.0119
	[194/563], Loss 0.0082
	[195/563], Loss 0.0014
	[196/563], Loss 0.0065
	[197/563], Loss 0.0001
	[198/563], Loss 0.2437
	[199/563], Loss 0.0930
	[200/563], Loss 0.0004
	[201/563], Loss 0.0005
	[202/563], Loss 0.5171
	[203/563], Loss 0.0199
	[204/563], Loss 0.0036
	[205/563], Loss 0.0732
	[206/563], Loss 0.0014
	[207/563], Loss 0.0038
	[208/563], Loss 0.0004
	[209/563], Loss 0.0590
	[210/563], Loss 0.0002
	[211/563], Loss 0.0014
	[212/563], Loss 0.3399
	[213/563], Loss 0.0010
	[214/563], Loss 0.0017
	[215/563], Loss 0.0005
	[216/563], Loss 0.0001
	[217/563], Loss 0.0094
	[218/563], Loss 0.0010
	[219/563], Loss 0.0003
	[220/563], Loss 0.0100
	[221/563], Loss 0.8605
	[222/563], Loss 0.0051
	[223/563], Loss 0.1905
	[224/563], Loss 0.4277
	[225/563], Loss 0.0002
	[226/563], Loss 0.0670
	[227/563], Loss 0.0002
	[228/563], Loss 0.0014
	[229/563], Loss 0.0005
	[230/563], Loss 1.2306
	[231/563], Loss 0.0011
	[232/563], Loss 0.0011
	[233/563], Loss 0.0005
	[234/563], Loss 0.0301
	[235/563], Loss 0.0042
	[236/563], Loss 0.0003
	[237/563], Loss 0.0009
	[238/563], Loss 0.0005
	[239/563], Loss 0.2135
	[240/563], Loss 0.0099
	[241/563], Loss 0.0596
	[242/563], Loss 0.0000
	[243/563], Loss 0.0675
	[244/563], Loss 1.2006
	[245/563], Loss 0.0003
	[246/563], Loss 0.0149
	[247/563], Loss 0.0006
	[248/563], Loss 0.0178
	[249/563], Loss 0.7666
	[250/563], Loss 0.6436
	[251/563], Loss 0.0010
	[252/563], Loss 0.0001
	[253/563], Loss 0.2993
	[254/563], Loss 0.0504
	[255/563], Loss 0.0681
	[256/563], Loss 0.0096
	[257/563], Loss 0.0292
	[258/563], Loss 0.0079
	[259/563], Loss 0.2219
	[260/563], Loss 0.0004
	[261/563], Loss 0.0025
	[262/563], Loss 0.0006
	[263/563], Loss 0.0064
	[264/563], Loss 0.5002
	[265/563], Loss 0.0004
	[266/563], Loss 0.2775
	[267/563], Loss 0.0061
	[268/563], Loss 0.0005
	[269/563], Loss 0.0173
	[270/563], Loss 0.1348
	[271/563], Loss 0.0292
	[272/563], Loss 0.0612
	[273/563], Loss 0.0001
	[274/563], Loss 0.0028
	[275/563], Loss 0.0789
	[276/563], Loss 0.0013
	[277/563], Loss 0.0181
	[278/563], Loss 0.0009
	[279/563], Loss 0.0041
	[280/563], Loss 0.1836
	[281/563], Loss 0.0046
	[282/563], Loss 0.8108
	[283/563], Loss 0.0074
	[284/563], Loss 0.0002
	[285/563], Loss 0.0002
	[286/563], Loss 0.0061
	[287/563], Loss 0.0019
	[288/563], Loss 0.0805
	[289/563], Loss 0.0324
	[290/563], Loss 0.0549
	[291/563], Loss 0.0010
	[292/563], Loss 0.0209
	[293/563], Loss 0.0455
	[294/563], Loss 0.2096
	[295/563], Loss 0.0369
	[296/563], Loss 0.0008
	[297/563], Loss 0.0042
	[298/563], Loss 0.1596
	[299/563], Loss 0.5431
	[300/563], Loss 0.3225
	[301/563], Loss 0.0007
	[302/563], Loss 0.0124
	[303/563], Loss 0.0349
	[304/563], Loss 0.0020
	[305/563], Loss 0.0002
	[306/563], Loss 0.0006
	[307/563], Loss 0.0004
	[308/563], Loss 0.0005
	[309/563], Loss 0.0118
	[310/563], Loss 0.0176
	[311/563], Loss 0.2686
	[312/563], Loss 0.1041
	[313/563], Loss 0.3902
	[314/563], Loss 0.4347
	[315/563], Loss 0.0040
	[316/563], Loss 0.0020
	[317/563], Loss 1.2668
	[318/563], Loss 0.0006
	[319/563], Loss 0.0015
	[320/563], Loss 0.0013
	[321/563], Loss 0.0043
	[322/563], Loss 0.0149
	[323/563], Loss 0.0000
	[324/563], Loss 0.0313
	[325/563], Loss 0.0005
	[326/563], Loss 0.0858
	[327/563], Loss 0.0002
	[328/563], Loss 0.0048
	[329/563], Loss 0.0015
	[330/563], Loss 0.0022
	[331/563], Loss 0.0156
	[332/563], Loss 0.0003
	[333/563], Loss 0.0017
	[334/563], Loss 0.0020
	[335/563], Loss 0.0216
	[336/563], Loss 0.0074
	[337/563], Loss 0.0043
	[338/563], Loss 0.0016
	[339/563], Loss 0.0264
	[340/563], Loss 0.0014
	[341/563], Loss 0.0004
	[342/563], Loss 0.0015
	[343/563], Loss 0.7027
	[344/563], Loss 0.0013
	[345/563], Loss 0.0010
	[346/563], Loss 0.0000
	[347/563], Loss 0.0072
	[348/563], Loss 0.0233
	[349/563], Loss 0.0013
	[350/563], Loss 0.0009
	[351/563], Loss 0.0003
	[352/563], Loss 0.0003
	[353/563], Loss 0.0161
	[354/563], Loss 0.6834
	[355/563], Loss 0.0050
	[356/563], Loss 0.0145
	[357/563], Loss 0.0003
	[358/563], Loss 0.0097
	[359/563], Loss 0.0091
	[360/563], Loss 0.0022
	[361/563], Loss 0.0510
	[362/563], Loss 0.0004
	[363/563], Loss 0.0004
	[364/563], Loss 0.0086
	[365/563], Loss 0.0025
	[366/563], Loss 0.6079
	[367/563], Loss 0.0057
	[368/563], Loss 0.0042
	[369/563], Loss 0.0043
	[370/563], Loss 0.2126
	[371/563], Loss 0.0014
	[372/563], Loss 0.0018
	[373/563], Loss 0.1237
	[374/563], Loss 0.0256
	[375/563], Loss 0.0007
	[376/563], Loss 0.0005
	[377/563], Loss 0.2508
	[378/563], Loss 0.0041
	[379/563], Loss 0.0028
	[380/563], Loss 0.0001
	[381/563], Loss 0.0141
	[382/563], Loss 0.0030
	[383/563], Loss 0.0035
	[384/563], Loss 0.0175
	[385/563], Loss 0.0052
	[386/563], Loss 0.0031
	[387/563], Loss 0.0036
	[388/563], Loss 0.0068
	[389/563], Loss 0.0914
	[390/563], Loss 0.0008
	[391/563], Loss 0.2191
	[392/563], Loss 0.0097
	[393/563], Loss 0.7070
	[394/563], Loss 0.0646
	[395/563], Loss 0.0213
	[396/563], Loss 0.2233
	[397/563], Loss 1.9643
	[398/563], Loss 0.0041
	[399/563], Loss 0.0211
	[400/563], Loss 0.0045
	[401/563], Loss 0.0079
	[402/563], Loss 0.0054
	[403/563], Loss 0.3322
	[404/563], Loss 0.0028
	[405/563], Loss 0.1010
	[406/563], Loss 0.0066
	[407/563], Loss 0.2164
	[408/563], Loss 0.1802
	[409/563], Loss 0.0005
	[410/563], Loss 0.0530
	[411/563], Loss 0.0308
	[412/563], Loss 0.0065
	[413/563], Loss 0.0626
	[414/563], Loss 0.0008
	[415/563], Loss 0.0344
	[416/563], Loss 0.0004
	[417/563], Loss 0.0107
	[418/563], Loss 0.0226
	[419/563], Loss 0.0136
	[420/563], Loss 0.0136
	[421/563], Loss 0.2159
	[422/563], Loss 0.0103
	[423/563], Loss 0.0863
	[424/563], Loss 0.0485
	[425/563], Loss 0.0096
	[426/563], Loss 0.0229
	[427/563], Loss 0.0213
	[428/563], Loss 0.0028
	[429/563], Loss 0.0008
	[430/563], Loss 0.0165
	[431/563], Loss 0.0008
	[432/563], Loss 0.6327
	[433/563], Loss 0.0001
	[434/563], Loss 0.0332
	[435/563], Loss 0.0056
	[436/563], Loss 0.0015
	[437/563], Loss 0.0407
	[438/563], Loss 0.0005
	[439/563], Loss 0.0645
	[440/563], Loss 0.6892
	[441/563], Loss 0.0011
	[442/563], Loss 0.0007
	[443/563], Loss 0.0113
	[444/563], Loss 0.6665
	[445/563], Loss 0.0800
	[446/563], Loss 0.0006
	[447/563], Loss 0.0295
	[448/563], Loss 0.1812
	[449/563], Loss 0.0010
	[450/563], Loss 2.1643
	[451/563], Loss 0.2512
	[452/563], Loss 0.0157
	[453/563], Loss 0.0150
	[454/563], Loss 0.0280
	[455/563], Loss 0.0015
	[456/563], Loss 0.0200
	[457/563], Loss 0.3475
	[458/563], Loss 0.0018
	[459/563], Loss 0.5157
	[460/563], Loss 0.0002
	[461/563], Loss 0.0004
	[462/563], Loss 0.0042
	[463/563], Loss 0.3841
	[464/563], Loss 0.0019
	[465/563], Loss 0.0093
	[466/563], Loss 0.0330
	[467/563], Loss 0.0279
	[468/563], Loss 1.4316
	[469/563], Loss 1.7610
	[470/563], Loss 0.0005
	[471/563], Loss 0.0418
	[472/563], Loss 0.3494
	[473/563], Loss 0.0004
	[474/563], Loss 0.0003
	[475/563], Loss 0.0026
	[476/563], Loss 0.0163
	[477/563], Loss 0.0399
	[478/563], Loss 0.0001
	[479/563], Loss 0.0331
	[480/563], Loss 0.0469
	[481/563], Loss 0.0365
	[482/563], Loss 1.1638
	[483/563], Loss 0.0391
	[484/563], Loss 0.0620
	[485/563], Loss 0.1123
	[486/563], Loss 0.0463
	[487/563], Loss 0.0227
	[488/563], Loss 0.3238
	[489/563], Loss 0.6095
	[490/563], Loss 0.0005
	[491/563], Loss 0.0135
	[492/563], Loss 0.2514
	[493/563], Loss 0.0049
	[494/563], Loss 0.0083
	[495/563], Loss 0.0076
	[496/563], Loss 0.0309
	[497/563], Loss 0.0013
	[498/563], Loss 0.0409
	[499/563], Loss 0.0046
	[500/563], Loss 0.0659
	[501/563], Loss 0.0004
	[502/563], Loss 0.2504
	[503/563], Loss 0.1597
	[504/563], Loss 0.0066
	[505/563], Loss 0.3931
	[506/563], Loss 0.0837
	[507/563], Loss 0.0333
	[508/563], Loss 0.0070
	[509/563], Loss 0.0005
	[510/563], Loss 0.0045
	[511/563], Loss 0.0015
	[512/563], Loss 0.0002
	[513/563], Loss 0.0015
	[514/563], Loss 0.0631
	[515/563], Loss 1.0271
	[516/563], Loss 0.0001
	[517/563], Loss 0.0059
	[518/563], Loss 0.3289
	[519/563], Loss 0.0031
	[520/563], Loss 0.0012
	[521/563], Loss 0.0010
	[522/563], Loss 0.5006
	[523/563], Loss 0.0042
	[524/563], Loss 0.0038
	[525/563], Loss 0.0029
	[526/563], Loss 0.1053
	[527/563], Loss 0.0119
	[528/563], Loss 0.0041
	[529/563], Loss 0.0022
	[530/563], Loss 0.0027
	[531/563], Loss 0.0001
	[532/563], Loss 0.0002
	[533/563], Loss 0.0017
	[534/563], Loss 0.0129
	[535/563], Loss 0.0624
	[536/563], Loss 0.0018
	[537/563], Loss 0.0030
	[538/563], Loss 0.0001
	[539/563], Loss 0.0004
	[540/563], Loss 0.0005
	[541/563], Loss 0.0004
	[542/563], Loss 0.0002
	[543/563], Loss 0.0002
	[544/563], Loss 0.0008
	[545/563], Loss 0.2733
	[546/563], Loss 0.0001
	[547/563], Loss 0.0018
	[548/563], Loss 0.0051
	[549/563], Loss 0.0001
	[550/563], Loss 0.0415
	[551/563], Loss 0.0009
	[552/563], Loss 0.0503
	[553/563], Loss 0.0002
	[554/563], Loss 0.1478
	[555/563], Loss 0.3200
	[556/563], Loss 0.0439
	[557/563], Loss 0.0015
	[558/563], Loss 0.0002
	[559/563], Loss 0.0012
	[560/563], Loss 0.0014
	[561/563], Loss 0.0004
	[562/563], Loss 1.0530
Epoch: 3, Time: 548.2589s, Loss: 0.096047
overall acc  | meanclass acc  | 
0.9636       | 0.9548         | 
This Epoch Done!

Epoch 3, Validation...
Epoch: 3, Time: 134.6067s
overall acc  | meanclass acc  | map     | 
0.9771       | 0.9729         | 0.8645  | 
This Epoch Done!

saving model...
Traceback (most recent call last):
  File "/home/pbdang/Contest/SHREC22/OpenSet/OS-MN40-Example/uda_train_source.py", line 239, in <module>
    main()
  File "/home/pbdang/Contest/SHREC22/OpenSet/OS-MN40-Example/uda_train_source.py", line 226, in main
    save_checkpoint(val_state, res, 'F', netF.module)
  File "/home/pbdang/Contest/SHREC22/OpenSet/OS-MN40-Example/uda_train_source.py", line 161, in save_checkpoint
    torch.save(ckpt, str(save_dir / 'ckpt_' + name_model + '.pth'))
TypeError: unsupported operand type(s) for +: 'PosixPath' and 'str'
