Loader Initializing...

query samples: 960
target samples: 8527
Loading model from ./cache/ckpts_source/OS-MN40_2022-02-22-17-29-40/
Feat_len =  2048
Extracting....
  0%|          | 0/30 [00:00<?, ?it/s]  0%|          | 0/30 [00:18<?, ?it/s]
Traceback (most recent call last):
  File "/home/pbdang/Contest/SHREC22/OpenSet/OS-MN40-Example/uda_get_mat.py", line 152, in <module>
    main()
  File "/home/pbdang/Contest/SHREC22/OpenSet/OS-MN40-Example/uda_get_mat.py", line 145, in main
    extract(query_loader, target_loader, netF, netC)
  File "/home/pbdang/Contest/SHREC22/OpenSet/OS-MN40-Example/uda_get_mat.py", line 60, in extract
    _, ft = netC(netF(data), global_ft=True)
  File "/home/pbdang/miniconda3/envs/openset/lib/python3.9/site-packages/torch/nn/modules/module.py", line 889, in _call_impl
    result = self.forward(*input, **kwargs)
  File "/home/pbdang/miniconda3/envs/openset/lib/python3.9/site-packages/torch/nn/parallel/data_parallel.py", line 165, in forward
    return self.module(*inputs[0], **kwargs[0])
  File "/home/pbdang/miniconda3/envs/openset/lib/python3.9/site-packages/torch/nn/modules/module.py", line 889, in _call_impl
    result = self.forward(*input, **kwargs)
  File "/home/pbdang/Contest/SHREC22/OpenSet/OS-MN40-Example/models/uda/combine.py", line 29, in forward
    out_mesh = self.model_mesh_feat(mesh)
  File "/home/pbdang/miniconda3/envs/openset/lib/python3.9/site-packages/torch/nn/modules/module.py", line 889, in _call_impl
    result = self.forward(*input, **kwargs)
  File "/home/pbdang/Contest/SHREC22/OpenSet/OS-MN40-Example/models/uda/mesh.py", line 52, in forward
    fea = self.classifier[:-1](fea)
  File "/home/pbdang/miniconda3/envs/openset/lib/python3.9/site-packages/torch/nn/modules/module.py", line 889, in _call_impl
    result = self.forward(*input, **kwargs)
  File "/home/pbdang/miniconda3/envs/openset/lib/python3.9/site-packages/torch/nn/modules/container.py", line 119, in forward
    input = module(input)
  File "/home/pbdang/miniconda3/envs/openset/lib/python3.9/site-packages/torch/nn/modules/module.py", line 889, in _call_impl
    result = self.forward(*input, **kwargs)
  File "/home/pbdang/miniconda3/envs/openset/lib/python3.9/site-packages/torch/nn/modules/linear.py", line 94, in forward
    return F.linear(input, self.weight, self.bias)
  File "/home/pbdang/miniconda3/envs/openset/lib/python3.9/site-packages/torch/nn/functional.py", line 1753, in linear
    return torch._C._nn.linear(input, weight, bias)
RuntimeError: CUDA error: CUBLAS_STATUS_ALLOC_FAILED when calling `cublasCreate(handle)`
